0 info it worked if it ends with ok
1 verbose cli [ 'd:\\Softs\\nodejs\\node.exe',
1 verbose cli   'd:\\Softs\\nodejs\\node_modules\\npm\\bin\\npm-cli.js',
1 verbose cli   'start' ]
2 info using npm@1.4.28
3 info using node@v0.10.32
4 error Error: Invalid name: "Labo 03"
4 error     at ensureValidName (d:\Softs\nodejs\node_modules\npm\node_modules\read-package-json\node_modules\normalize-package-data\lib\fixer.js:315:15)
4 error     at Object.module.exports.fixNameField (d:\Softs\nodejs\node_modules\npm\node_modules\read-package-json\node_modules\normalize-package-data\lib\fixer.js:204:5)
4 error     at d:\Softs\nodejs\node_modules\npm\node_modules\read-package-json\node_modules\normalize-package-data\lib\normalize.js:30:38
4 error     at Array.forEach (native)
4 error     at normalize (d:\Softs\nodejs\node_modules\npm\node_modules\read-package-json\node_modules\normalize-package-data\lib\normalize.js:29:15)
4 error     at final (d:\Softs\nodejs\node_modules\npm\node_modules\read-package-json\read-json.js:342:33)
4 error     at then (d:\Softs\nodejs\node_modules\npm\node_modules\read-package-json\read-json.js:126:33)
4 error     at d:\Softs\nodejs\node_modules\npm\node_modules\read-package-json\read-json.js:316:48
4 error     at evalmachine.<anonymous>:207:20
4 error     at OpenReq.Req.done (d:\Softs\nodejs\node_modules\npm\node_modules\graceful-fs\graceful-fs.js:141:5)
5 error If you need help, you may report this *entire* log,
5 error including the npm and node versions, at:
5 error     <http://github.com/npm/npm/issues>
6 error System Windows_NT 6.1.7601
7 error command "d:\\Softs\\nodejs\\node.exe" "d:\\Softs\\nodejs\\node_modules\\npm\\bin\\npm-cli.js" "start"
8 error cwd d:\Rui\Dropbox\HEIG\3ème\Semestre 5\TWEB\Labos\Labo 03
9 error node -v v0.10.32
10 error npm -v 1.4.28
11 verbose exit [ 1, true ]
